{
  "uid" : "ececea984eed6f22",
  "name" : "test_register",
  "fullName" : "conduit_tests.cookie_post_07_test#test_register",
  "historyId" : "4bc7172622c49908c3c06f3303431d00",
  "time" : {
    "start" : 1628806049315,
    "stop" : 1628806057939,
    "duration" : 8624
  },
  "status" : "broken",
  "statusMessage" : "selenium.common.exceptions.NoSuchElementException: Message: no such element: Unable to locate element: {\"method\":\"xpath\",\"selector\":\"//a [@active-class='active']\"}\n  (Session info: headless chrome=92.0.4515.131)",
  "statusTrace" : "def test_register():\n        username = \"sun2\"\n        password = \"Sunshine2046\"\n    \n        driver.get(\"http://localhost:1667\")\n        time.sleep(2)\n    \n        def generate_email(prefix='tkata+', domain='gmail.com'):\n            random_part = ''.join(random.choice(string.ascii_lowercase + string.digits)\n                                  for _ in range(10))\n    \n            return prefix + random_part + '@' + domain\n    \n        generate_email()\n    \n        driver.find_element_by_xpath(\"/html/body//a[contains(@href,'register')]\").click()\n        time.sleep(2)\n        driver.find_element_by_xpath(\"//input[@type='text'][@placeholder='Username']\").send_keys(username)\n        time.sleep(2)\n        driver.find_element_by_xpath(\"//input[@type='text'][@placeholder='Email']\").send_keys(generate_email())\n        time.sleep(2)\n>       driver.find_element_by_xpath(\"//a [@active-class='active']\").click()\n\nconduit_tests/cookie_post_07_test.py:37: \n_ _ _ _ _ _ _ _ _ _ _ _ _ _ _ _ _ _ _ _ _ _ _ _ _ _ _ _ _ _ _ _ _ _ _ _ _ _ _ _ \n/opt/hostedtoolcache/Python/3.9.6/x64/lib/python3.9/site-packages/selenium/webdriver/remote/webdriver.py:394: in find_element_by_xpath\n    return self.find_element(by=By.XPATH, value=xpath)\n/opt/hostedtoolcache/Python/3.9.6/x64/lib/python3.9/site-packages/selenium/webdriver/remote/webdriver.py:976: in find_element\n    return self.execute(Command.FIND_ELEMENT, {\n/opt/hostedtoolcache/Python/3.9.6/x64/lib/python3.9/site-packages/selenium/webdriver/remote/webdriver.py:321: in execute\n    self.error_handler.check_response(response)\n_ _ _ _ _ _ _ _ _ _ _ _ _ _ _ _ _ _ _ _ _ _ _ _ _ _ _ _ _ _ _ _ _ _ _ _ _ _ _ _ \n\nself = <selenium.webdriver.remote.errorhandler.ErrorHandler object at 0x7f256130f9a0>\nresponse = {'status': 404, 'value': '{\"value\":{\"error\":\"no such element\",\"message\":\"no such element: Unable to locate element: {\\...wn>\\\\n#15 0x5619dbe09e58 \\\\u003Cunknown>\\\\n#16 0x5619dbe23dfd \\\\u003Cunknown>\\\\n#17 0x7f9d6c83a609 start_thread\\\\n\"}}'}\n\n    def check_response(self, response):\n        \"\"\"\n        Checks that a JSON response from the WebDriver does not have an error.\n    \n        :Args:\n         - response - The JSON response from the WebDriver server as a dictionary\n           object.\n    \n        :Raises: If the response contains an error message.\n        \"\"\"\n        status = response.get('status', None)\n        if status is None or status == ErrorCode.SUCCESS:\n            return\n        value = None\n        message = response.get(\"message\", \"\")\n        screen = response.get(\"screen\", \"\")\n        stacktrace = None\n        if isinstance(status, int):\n            value_json = response.get('value', None)\n            if value_json and isinstance(value_json, basestring):\n                import json\n                try:\n                    value = json.loads(value_json)\n                    if len(value.keys()) == 1:\n                        value = value['value']\n                    status = value.get('error', None)\n                    if status is None:\n                        status = value[\"status\"]\n                        message = value[\"value\"]\n                        if not isinstance(message, basestring):\n                            value = message\n                            message = message.get('message')\n                    else:\n                        message = value.get('message', None)\n                except ValueError:\n                    pass\n    \n        exception_class = ErrorInResponseException\n        if status in ErrorCode.NO_SUCH_ELEMENT:\n            exception_class = NoSuchElementException\n        elif status in ErrorCode.NO_SUCH_FRAME:\n            exception_class = NoSuchFrameException\n        elif status in ErrorCode.NO_SUCH_WINDOW:\n            exception_class = NoSuchWindowException\n        elif status in ErrorCode.STALE_ELEMENT_REFERENCE:\n            exception_class = StaleElementReferenceException\n        elif status in ErrorCode.ELEMENT_NOT_VISIBLE:\n            exception_class = ElementNotVisibleException\n        elif status in ErrorCode.INVALID_ELEMENT_STATE:\n            exception_class = InvalidElementStateException\n        elif status in ErrorCode.INVALID_SELECTOR \\\n                or status in ErrorCode.INVALID_XPATH_SELECTOR \\\n                or status in ErrorCode.INVALID_XPATH_SELECTOR_RETURN_TYPER:\n            exception_class = InvalidSelectorException\n        elif status in ErrorCode.ELEMENT_IS_NOT_SELECTABLE:\n            exception_class = ElementNotSelectableException\n        elif status in ErrorCode.ELEMENT_NOT_INTERACTABLE:\n            exception_class = ElementNotInteractableException\n        elif status in ErrorCode.INVALID_COOKIE_DOMAIN:\n            exception_class = InvalidCookieDomainException\n        elif status in ErrorCode.UNABLE_TO_SET_COOKIE:\n            exception_class = UnableToSetCookieException\n        elif status in ErrorCode.TIMEOUT:\n            exception_class = TimeoutException\n        elif status in ErrorCode.SCRIPT_TIMEOUT:\n            exception_class = TimeoutException\n        elif status in ErrorCode.UNKNOWN_ERROR:\n            exception_class = WebDriverException\n        elif status in ErrorCode.UNEXPECTED_ALERT_OPEN:\n            exception_class = UnexpectedAlertPresentException\n        elif status in ErrorCode.NO_ALERT_OPEN:\n            exception_class = NoAlertPresentException\n        elif status in ErrorCode.IME_NOT_AVAILABLE:\n            exception_class = ImeNotAvailableException\n        elif status in ErrorCode.IME_ENGINE_ACTIVATION_FAILED:\n            exception_class = ImeActivationFailedException\n        elif status in ErrorCode.MOVE_TARGET_OUT_OF_BOUNDS:\n            exception_class = MoveTargetOutOfBoundsException\n        elif status in ErrorCode.JAVASCRIPT_ERROR:\n            exception_class = JavascriptException\n        elif status in ErrorCode.SESSION_NOT_CREATED:\n            exception_class = SessionNotCreatedException\n        elif status in ErrorCode.INVALID_ARGUMENT:\n            exception_class = InvalidArgumentException\n        elif status in ErrorCode.NO_SUCH_COOKIE:\n            exception_class = NoSuchCookieException\n        elif status in ErrorCode.UNABLE_TO_CAPTURE_SCREEN:\n            exception_class = ScreenshotException\n        elif status in ErrorCode.ELEMENT_CLICK_INTERCEPTED:\n            exception_class = ElementClickInterceptedException\n        elif status in ErrorCode.INSECURE_CERTIFICATE:\n            exception_class = InsecureCertificateException\n        elif status in ErrorCode.INVALID_COORDINATES:\n            exception_class = InvalidCoordinatesException\n        elif status in ErrorCode.INVALID_SESSION_ID:\n            exception_class = InvalidSessionIdException\n        elif status in ErrorCode.UNKNOWN_METHOD:\n            exception_class = UnknownMethodException\n        else:\n            exception_class = WebDriverException\n        if value == '' or value is None:\n            value = response['value']\n        if isinstance(value, basestring):\n            if exception_class == ErrorInResponseException:\n                raise exception_class(response, value)\n            raise exception_class(value)\n        if message == \"\" and 'message' in value:\n            message = value['message']\n    \n        screen = None\n        if 'screen' in value:\n            screen = value['screen']\n    \n        stacktrace = None\n        if 'stackTrace' in value and value['stackTrace']:\n            stacktrace = []\n            try:\n                for frame in value['stackTrace']:\n                    line = self._value_or_default(frame, 'lineNumber', '')\n                    file = self._value_or_default(frame, 'fileName', '<anonymous>')\n                    if line:\n                        file = \"%s:%s\" % (file, line)\n                    meth = self._value_or_default(frame, 'methodName', '<anonymous>')\n                    if 'className' in frame:\n                        meth = \"%s.%s\" % (frame['className'], meth)\n                    msg = \"    at %s (%s)\"\n                    msg = msg % (meth, file)\n                    stacktrace.append(msg)\n            except TypeError:\n                pass\n        if exception_class == ErrorInResponseException:\n            raise exception_class(response, message)\n        elif exception_class == UnexpectedAlertPresentException:\n            alert_text = None\n            if 'data' in value:\n                alert_text = value['data'].get('text')\n            elif 'alert' in value:\n                alert_text = value['alert'].get('text')\n            raise exception_class(message, screen, stacktrace, alert_text)\n>       raise exception_class(message, screen, stacktrace)\nE       selenium.common.exceptions.NoSuchElementException: Message: no such element: Unable to locate element: {\"method\":\"xpath\",\"selector\":\"//a [@active-class='active']\"}\nE         (Session info: headless chrome=92.0.4515.131)\n\n/opt/hostedtoolcache/Python/3.9.6/x64/lib/python3.9/site-packages/selenium/webdriver/remote/errorhandler.py:242: NoSuchElementException",
  "flaky" : false,
  "newFailed" : false,
  "beforeStages" : [ ],
  "afterStages" : [ ],
  "labels" : [ {
    "name" : "parentSuite",
    "value" : "conduit_tests"
  }, {
    "name" : "suite",
    "value" : "cookie_post_07_test"
  }, {
    "name" : "host",
    "value" : "fv-az42-898"
  }, {
    "name" : "thread",
    "value" : "3774-MainThread"
  }, {
    "name" : "framework",
    "value" : "pytest"
  }, {
    "name" : "language",
    "value" : "cpython3"
  }, {
    "name" : "package",
    "value" : "conduit_tests.cookie_post_07_test"
  }, {
    "name" : "resultFormat",
    "value" : "allure2"
  } ],
  "parameters" : [ ],
  "links" : [ ],
  "hidden" : false,
  "retry" : false,
  "extra" : {
    "severity" : "normal",
    "retries" : [ ],
    "categories" : [ {
      "name" : "Test defects",
      "matchedStatuses" : [ ],
      "flaky" : false
    } ],
    "history" : {
      "statistic" : {
        "failed" : 0,
        "broken" : 4,
        "skipped" : 0,
        "passed" : 6,
        "unknown" : 0,
        "total" : 10
      },
      "items" : [ {
        "uid" : "b74b0928d3ebcaca",
        "reportUrl" : "https://ArtuZi2.github.io/conduit/129//#testresult/b74b0928d3ebcaca",
        "status" : "broken",
        "statusDetails" : "selenium.common.exceptions.NoSuchElementException: Message: no such element: Unable to locate element: {\"method\":\"xpath\",\"selector\":\"//a [@active-class='active']\"}\n  (Session info: headless chrome=92.0.4515.131)",
        "time" : {
          "start" : 1628805250220,
          "stop" : 1628805258876,
          "duration" : 8656
        }
      }, {
        "uid" : "12a02b4c36da122e",
        "reportUrl" : "https://ArtuZi2.github.io/conduit/118//#testresult/12a02b4c36da122e",
        "status" : "broken",
        "statusDetails" : "selenium.common.exceptions.NoSuchElementException: Message: no such element: Unable to locate element: {\"method\":\"xpath\",\"selector\":\"//a [@active-class='active']\"}\n  (Session info: headless chrome=92.0.4515.131)",
        "time" : {
          "start" : 1628770066672,
          "stop" : 1628770075347,
          "duration" : 8675
        }
      }, {
        "uid" : "8f8a5fa1cb1c1247",
        "reportUrl" : "https://ArtuZi2.github.io/conduit/117//#testresult/8f8a5fa1cb1c1247",
        "status" : "broken",
        "statusDetails" : "selenium.common.exceptions.NoSuchElementException: Message: no such element: Unable to locate element: {\"method\":\"xpath\",\"selector\":\"//a [@active-class='active']\"}\n  (Session info: headless chrome=92.0.4515.131)",
        "time" : {
          "start" : 1628769956934,
          "stop" : 1628769965750,
          "duration" : 8816
        }
      }, {
        "uid" : "7b3331e23a1f3627",
        "reportUrl" : "https://ArtuZi2.github.io/conduit/115//#testresult/7b3331e23a1f3627",
        "status" : "passed",
        "time" : {
          "start" : 1628171934106,
          "stop" : 1628171967084,
          "duration" : 32978
        }
      }, {
        "uid" : "b79940d5a36174d",
        "reportUrl" : "https://ArtuZi2.github.io/conduit/114//#testresult/b79940d5a36174d",
        "status" : "passed",
        "time" : {
          "start" : 1628150049618,
          "stop" : 1628150082739,
          "duration" : 33121
        }
      }, {
        "uid" : "84310f767e488ff4",
        "reportUrl" : "https://ArtuZi2.github.io/conduit/113//#testresult/84310f767e488ff4",
        "status" : "passed",
        "time" : {
          "start" : 1628149597882,
          "stop" : 1628149630691,
          "duration" : 32809
        }
      }, {
        "uid" : "51aa1d3d086b929a",
        "reportUrl" : "https://ArtuZi2.github.io/conduit/112//#testresult/51aa1d3d086b929a",
        "status" : "passed",
        "time" : {
          "start" : 1628080466989,
          "stop" : 1628080499784,
          "duration" : 32795
        }
      }, {
        "uid" : "b531ef8001ae5863",
        "reportUrl" : "https://ArtuZi2.github.io/conduit/111//#testresult/b531ef8001ae5863",
        "status" : "passed",
        "time" : {
          "start" : 1628079091772,
          "stop" : 1628079124850,
          "duration" : 33078
        }
      }, {
        "uid" : "273a83da1d475d23",
        "reportUrl" : "https://ArtuZi2.github.io/conduit/109//#testresult/273a83da1d475d23",
        "status" : "passed",
        "time" : {
          "start" : 1628008187664,
          "stop" : 1628008220797,
          "duration" : 33133
        }
      } ]
    },
    "tags" : [ ]
  },
  "source" : "ececea984eed6f22.json",
  "parameterValues" : [ ]
}