{
  "e0f8ee00dc90d4121c8297c944e617ca" : {
    "statistic" : {
      "failed" : 0,
      "broken" : 2,
      "skipped" : 0,
      "passed" : 0,
      "unknown" : 0,
      "total" : 2
    },
    "items" : [ {
      "uid" : "ac8a463423e043cb",
      "reportUrl" : "https://ArtuZi2.github.io/conduit/55//#testresult/ac8a463423e043cb",
      "status" : "broken",
      "statusDetails" : "selenium.common.exceptions.NoSuchElementException: Message: no such element: Unable to locate element: {\"method\":\"xpath\",\"selector\":\"//*[@id='app']/nav/div/ul/li[4]/a\"}\n  (Session info: headless chrome=92.0.4515.107)",
      "time" : {
        "start" : 1627567832695,
        "stop" : 1627567845857,
        "duration" : 13162
      }
    }, {
      "uid" : "f834d7f018feafb4",
      "reportUrl" : "https://ArtuZi2.github.io/conduit/54//#testresult/f834d7f018feafb4",
      "status" : "broken",
      "statusDetails" : "selenium.common.exceptions.NoSuchElementException: Message: no such element: Unable to locate element: {\"method\":\"xpath\",\"selector\":\"//*[@id='app']/nav/div/ul/li[4]/a\"}\n  (Session info: headless chrome=92.0.4515.107)",
      "time" : {
        "start" : 1627567575947,
        "stop" : 1627567590280,
        "duration" : 14333
      }
    } ]
  },
  "f128a609521e75aa79e1c2e446cac2b4" : {
    "statistic" : {
      "failed" : 0,
      "broken" : 5,
      "skipped" : 0,
      "passed" : 0,
      "unknown" : 0,
      "total" : 5
    },
    "items" : [ {
      "uid" : "e1eba965c041bba1",
      "reportUrl" : "https://ArtuZi2.github.io/conduit/33//#testresult/e1eba965c041bba1",
      "status" : "broken",
      "statusDetails" : "selenium.common.exceptions.NoSuchElementException: Message: no such element: Unable to locate element: {\"method\":\"xpath\",\"selector\":\"/html/body//a[contains(@href,'register')]\"}\n  (Session info: headless chrome=91.0.4472.164)",
      "time" : {
        "start" : 1627247055703,
        "stop" : 1627247057720,
        "duration" : 2017
      }
    }, {
      "uid" : "43ef57bff8e03824",
      "reportUrl" : "https://ArtuZi2.github.io/conduit/32//#testresult/43ef57bff8e03824",
      "status" : "broken",
      "statusDetails" : "selenium.common.exceptions.NoSuchElementException: Message: no such element: Unable to locate element: {\"method\":\"xpath\",\"selector\":\"/html/body//a[contains(@href,'register')]\"}\n  (Session info: headless chrome=91.0.4472.164)",
      "time" : {
        "start" : 1627246773749,
        "stop" : 1627246775830,
        "duration" : 2081
      }
    }, {
      "uid" : "73218e93351d6365",
      "reportUrl" : "https://ArtuZi2.github.io/conduit/30//#testresult/73218e93351d6365",
      "status" : "broken",
      "statusDetails" : "selenium.common.exceptions.NoSuchElementException: Message: no such element: Unable to locate element: {\"method\":\"xpath\",\"selector\":\"/html/body//a[contains(@href,'register')]\"}\n  (Session info: headless chrome=91.0.4472.164)",
      "time" : {
        "start" : 1627244286284,
        "stop" : 1627244288301,
        "duration" : 2017
      }
    }, {
      "uid" : "90e5e3c61e1b37ba",
      "reportUrl" : "https://ArtuZi2.github.io/conduit/29//#testresult/90e5e3c61e1b37ba",
      "status" : "broken",
      "statusDetails" : "selenium.common.exceptions.NoSuchElementException: Message: no such element: Unable to locate element: {\"method\":\"xpath\",\"selector\":\"/html/body//a[contains(@href,'register')]\"}\n  (Session info: headless chrome=91.0.4472.164)",
      "time" : {
        "start" : 1627241879548,
        "stop" : 1627241881572,
        "duration" : 2024
      }
    }, {
      "uid" : "4082236acc703487",
      "reportUrl" : "https://ArtuZi2.github.io/conduit/28//#testresult/4082236acc703487",
      "status" : "broken",
      "statusDetails" : "selenium.common.exceptions.NoSuchElementException: Message: no such element: Unable to locate element: {\"method\":\"xpath\",\"selector\":\"/html/body//a[contains(@href,'register')]\"}\n  (Session info: headless chrome=91.0.4472.164)",
      "time" : {
        "start" : 1627241622053,
        "stop" : 1627241624071,
        "duration" : 2018
      }
    } ]
  },
  "e1503b77ef1f929ffde9cf1fe91e955e" : {
    "statistic" : {
      "failed" : 0,
      "broken" : 0,
      "skipped" : 0,
      "passed" : 2,
      "unknown" : 0,
      "total" : 2
    },
    "items" : [ {
      "uid" : "f98e5a5688d52dd2",
      "reportUrl" : "https://ArtuZi2.github.io/conduit/55//#testresult/f98e5a5688d52dd2",
      "status" : "passed",
      "time" : {
        "start" : 1627567845935,
        "stop" : 1627567860695,
        "duration" : 14760
      }
    }, {
      "uid" : "7536fbe912b26fb4",
      "reportUrl" : "https://ArtuZi2.github.io/conduit/54//#testresult/7536fbe912b26fb4",
      "status" : "passed",
      "time" : {
        "start" : 1627567590377,
        "stop" : 1627567605659,
        "duration" : 15282
      }
    } ]
  },
  "5a17bdb91ba35982fbf4b65aa98c97e7" : {
    "statistic" : {
      "failed" : 0,
      "broken" : 4,
      "skipped" : 0,
      "passed" : 0,
      "unknown" : 0,
      "total" : 4
    },
    "items" : [ {
      "uid" : "28fbeb187e83f456",
      "reportUrl" : "https://ArtuZi2.github.io/conduit/33//#testresult/28fbeb187e83f456",
      "status" : "broken",
      "statusDetails" : "selenium.common.exceptions.WebDriverException: Message: unknown error: Chrome failed to start: exited abnormally.\n  (unknown error: DevToolsActivePort file doesn't exist)\n  (The process started from chrome location /usr/bin/google-chrome is no longer running, so ChromeDriver is assuming that Chrome has crashed.)",
      "time" : {
        "start" : 1627247057817,
        "stop" : 1627247057817,
        "duration" : 0
      }
    }, {
      "uid" : "6ff9c8f7fbf8829f",
      "reportUrl" : "https://ArtuZi2.github.io/conduit/32//#testresult/6ff9c8f7fbf8829f",
      "status" : "broken",
      "statusDetails" : "selenium.common.exceptions.WebDriverException: Message: unknown error: Chrome failed to start: exited abnormally.\n  (unknown error: DevToolsActivePort file doesn't exist)\n  (The process started from chrome location /usr/bin/google-chrome is no longer running, so ChromeDriver is assuming that Chrome has crashed.)",
      "time" : {
        "start" : 1627246775943,
        "stop" : 1627246775943,
        "duration" : 0
      }
    }, {
      "uid" : "a0d74ba86af5929a",
      "reportUrl" : "https://ArtuZi2.github.io/conduit/30//#testresult/a0d74ba86af5929a",
      "status" : "broken",
      "statusDetails" : "selenium.common.exceptions.WebDriverException: Message: unknown error: Chrome failed to start: exited abnormally.\n  (unknown error: DevToolsActivePort file doesn't exist)\n  (The process started from chrome location /usr/bin/google-chrome is no longer running, so ChromeDriver is assuming that Chrome has crashed.)",
      "time" : {
        "start" : 1627244288431,
        "stop" : 1627244288431,
        "duration" : 0
      }
    }, {
      "uid" : "fe48a02b3718340f",
      "reportUrl" : "https://ArtuZi2.github.io/conduit/28//#testresult/fe48a02b3718340f",
      "status" : "broken",
      "statusDetails" : "selenium.common.exceptions.InvalidSessionIdException: Message: invalid session id",
      "time" : {
        "start" : 1627241624154,
        "stop" : 1627241626158,
        "duration" : 2004
      }
    } ]
  }
}