{
  "uid" : "4b4757e66a1912dae1a509f688f20b0f",
  "children" : [ {
    "name" : "Test defects",
    "children" : [ {
      "name" : "selenium.common.exceptions.NoSuchElementException: Message: no such element: Unable to locate element: {\"method\":\"xpath\",\"selector\":\"/html/body//a[contains(@href,'register')]\"}\n  (Session info: headless chrome=91.0.4472.164)",
      "children" : [ {
        "name" : "test_register",
        "uid" : "e1eba965c041bba1",
        "parentUid" : "e3f38d515e6a952548a117dacba089fe",
        "status" : "broken",
        "time" : {
          "start" : 1627247055703,
          "stop" : 1627247057720,
          "duration" : 2017
        },
        "flaky" : false,
        "newFailed" : false,
        "parameters" : [ ]
      } ],
      "uid" : "e3f38d515e6a952548a117dacba089fe"
    }, {
      "name" : "selenium.common.exceptions.WebDriverException: Message: unknown error: Chrome failed to start: exited abnormally.\n  (unknown error: DevToolsActivePort file doesn't exist)\n  (The process started from chrome location /usr/bin/google-chrome is no longer running, so ChromeDriver is assuming that Chrome has crashed.)",
      "children" : [ {
        "name" : "test_login",
        "uid" : "28fbeb187e83f456",
        "parentUid" : "e4a7d37349393b5a9e33d7e741170037",
        "status" : "broken",
        "time" : {
          "start" : 1627247057817,
          "stop" : 1627247057817,
          "duration" : 0
        },
        "flaky" : false,
        "newFailed" : false,
        "parameters" : [ ]
      } ],
      "uid" : "e4a7d37349393b5a9e33d7e741170037"
    } ],
    "uid" : "bdbf199525818fae7a8651db9eafe741"
  } ],
  "name" : "categories"
}