{
  "uid" : "d15da88ab4ac6135",
  "name" : "test_login",
  "fullName" : "conduit_tests.login_02_test#test_login",
  "historyId" : "d34268823eb54643a6468460152d47bf",
  "time" : {
    "start" : 1629058511912,
    "stop" : 1629058549539,
    "duration" : 37627
  },
  "status" : "broken",
  "statusMessage" : "selenium.common.exceptions.NoSuchElementException: Message: no such element: Unable to locate element: {\"method\":\"xpath\",\"selector\":\"//nav/div/ul/li[4]/a\"}\n  (Session info: headless chrome=92.0.4515.131)",
  "statusTrace" : "def test_login():\n        emil = \"tkata@gmail.com\"\n        password = \"Sunshine2046\"\n    \n        driver.get(\"http://localhost:1667\")\n        time.sleep(2)\n        div = driver.find_element_by_class_name(\"nav-item\")\n        time.sleep(2)\n        navbar_items = div.find_elements_by_xpath(\"//div/nav/div/ul/li/a\")\n    \n        lista = []\n        for i in navbar_items:\n            time.sleep(2)\n            lista.append(i)\n            print(i.text)\n    \n        time.sleep(2)\n    \n        element = driver.find_element_by_xpath(\"//a[@href='#/login']\")\n        print(element.is_enabled())\n        print(element.is_displayed())\n    \n        element.click()\n        time.sleep(5)\n        driver.find_element_by_xpath(\"//fieldset[1]/input\").send_keys(emil)\n        time.sleep(5)\n        driver.find_element_by_xpath(\"//fieldset[2]/input\").send_keys(password)\n        time.sleep(5)\n        driver.find_element_by_xpath(\"//button[@class='btn btn-lg btn-primary pull-xs-right']\").click()\n        time.sleep(10)\n>       driver.find_element_by_xpath(\"//nav/div/ul/li[4]/a\").click()\n\nconduit_tests/login_02_test.py:96: \n_ _ _ _ _ _ _ _ _ _ _ _ _ _ _ _ _ _ _ _ _ _ _ _ _ _ _ _ _ _ _ _ _ _ _ _ _ _ _ _ \n/opt/hostedtoolcache/Python/3.9.6/x64/lib/python3.9/site-packages/selenium/webdriver/remote/webdriver.py:394: in find_element_by_xpath\n    return self.find_element(by=By.XPATH, value=xpath)\n/opt/hostedtoolcache/Python/3.9.6/x64/lib/python3.9/site-packages/selenium/webdriver/remote/webdriver.py:976: in find_element\n    return self.execute(Command.FIND_ELEMENT, {\n/opt/hostedtoolcache/Python/3.9.6/x64/lib/python3.9/site-packages/selenium/webdriver/remote/webdriver.py:321: in execute\n    self.error_handler.check_response(response)\n_ _ _ _ _ _ _ _ _ _ _ _ _ _ _ _ _ _ _ _ _ _ _ _ _ _ _ _ _ _ _ _ _ _ _ _ _ _ _ _ \n\nself = <selenium.webdriver.remote.errorhandler.ErrorHandler object at 0x7fd142874b20>\nresponse = {'status': 404, 'value': '{\"value\":{\"error\":\"no such element\",\"message\":\"no such element: Unable to locate element: {\\...wn>\\\\n#15 0x55da89071e58 \\\\u003Cunknown>\\\\n#16 0x55da8908bdfd \\\\u003Cunknown>\\\\n#17 0x7f72221ba609 start_thread\\\\n\"}}'}\n\n    def check_response(self, response):\n        \"\"\"\n        Checks that a JSON response from the WebDriver does not have an error.\n    \n        :Args:\n         - response - The JSON response from the WebDriver server as a dictionary\n           object.\n    \n        :Raises: If the response contains an error message.\n        \"\"\"\n        status = response.get('status', None)\n        if status is None or status == ErrorCode.SUCCESS:\n            return\n        value = None\n        message = response.get(\"message\", \"\")\n        screen = response.get(\"screen\", \"\")\n        stacktrace = None\n        if isinstance(status, int):\n            value_json = response.get('value', None)\n            if value_json and isinstance(value_json, basestring):\n                import json\n                try:\n                    value = json.loads(value_json)\n                    if len(value.keys()) == 1:\n                        value = value['value']\n                    status = value.get('error', None)\n                    if status is None:\n                        status = value[\"status\"]\n                        message = value[\"value\"]\n                        if not isinstance(message, basestring):\n                            value = message\n                            message = message.get('message')\n                    else:\n                        message = value.get('message', None)\n                except ValueError:\n                    pass\n    \n        exception_class = ErrorInResponseException\n        if status in ErrorCode.NO_SUCH_ELEMENT:\n            exception_class = NoSuchElementException\n        elif status in ErrorCode.NO_SUCH_FRAME:\n            exception_class = NoSuchFrameException\n        elif status in ErrorCode.NO_SUCH_WINDOW:\n            exception_class = NoSuchWindowException\n        elif status in ErrorCode.STALE_ELEMENT_REFERENCE:\n            exception_class = StaleElementReferenceException\n        elif status in ErrorCode.ELEMENT_NOT_VISIBLE:\n            exception_class = ElementNotVisibleException\n        elif status in ErrorCode.INVALID_ELEMENT_STATE:\n            exception_class = InvalidElementStateException\n        elif status in ErrorCode.INVALID_SELECTOR \\\n                or status in ErrorCode.INVALID_XPATH_SELECTOR \\\n                or status in ErrorCode.INVALID_XPATH_SELECTOR_RETURN_TYPER:\n            exception_class = InvalidSelectorException\n        elif status in ErrorCode.ELEMENT_IS_NOT_SELECTABLE:\n            exception_class = ElementNotSelectableException\n        elif status in ErrorCode.ELEMENT_NOT_INTERACTABLE:\n            exception_class = ElementNotInteractableException\n        elif status in ErrorCode.INVALID_COOKIE_DOMAIN:\n            exception_class = InvalidCookieDomainException\n        elif status in ErrorCode.UNABLE_TO_SET_COOKIE:\n            exception_class = UnableToSetCookieException\n        elif status in ErrorCode.TIMEOUT:\n            exception_class = TimeoutException\n        elif status in ErrorCode.SCRIPT_TIMEOUT:\n            exception_class = TimeoutException\n        elif status in ErrorCode.UNKNOWN_ERROR:\n            exception_class = WebDriverException\n        elif status in ErrorCode.UNEXPECTED_ALERT_OPEN:\n            exception_class = UnexpectedAlertPresentException\n        elif status in ErrorCode.NO_ALERT_OPEN:\n            exception_class = NoAlertPresentException\n        elif status in ErrorCode.IME_NOT_AVAILABLE:\n            exception_class = ImeNotAvailableException\n        elif status in ErrorCode.IME_ENGINE_ACTIVATION_FAILED:\n            exception_class = ImeActivationFailedException\n        elif status in ErrorCode.MOVE_TARGET_OUT_OF_BOUNDS:\n            exception_class = MoveTargetOutOfBoundsException\n        elif status in ErrorCode.JAVASCRIPT_ERROR:\n            exception_class = JavascriptException\n        elif status in ErrorCode.SESSION_NOT_CREATED:\n            exception_class = SessionNotCreatedException\n        elif status in ErrorCode.INVALID_ARGUMENT:\n            exception_class = InvalidArgumentException\n        elif status in ErrorCode.NO_SUCH_COOKIE:\n            exception_class = NoSuchCookieException\n        elif status in ErrorCode.UNABLE_TO_CAPTURE_SCREEN:\n            exception_class = ScreenshotException\n        elif status in ErrorCode.ELEMENT_CLICK_INTERCEPTED:\n            exception_class = ElementClickInterceptedException\n        elif status in ErrorCode.INSECURE_CERTIFICATE:\n            exception_class = InsecureCertificateException\n        elif status in ErrorCode.INVALID_COORDINATES:\n            exception_class = InvalidCoordinatesException\n        elif status in ErrorCode.INVALID_SESSION_ID:\n            exception_class = InvalidSessionIdException\n        elif status in ErrorCode.UNKNOWN_METHOD:\n            exception_class = UnknownMethodException\n        else:\n            exception_class = WebDriverException\n        if value == '' or value is None:\n            value = response['value']\n        if isinstance(value, basestring):\n            if exception_class == ErrorInResponseException:\n                raise exception_class(response, value)\n            raise exception_class(value)\n        if message == \"\" and 'message' in value:\n            message = value['message']\n    \n        screen = None\n        if 'screen' in value:\n            screen = value['screen']\n    \n        stacktrace = None\n        if 'stackTrace' in value and value['stackTrace']:\n            stacktrace = []\n            try:\n                for frame in value['stackTrace']:\n                    line = self._value_or_default(frame, 'lineNumber', '')\n                    file = self._value_or_default(frame, 'fileName', '<anonymous>')\n                    if line:\n                        file = \"%s:%s\" % (file, line)\n                    meth = self._value_or_default(frame, 'methodName', '<anonymous>')\n                    if 'className' in frame:\n                        meth = \"%s.%s\" % (frame['className'], meth)\n                    msg = \"    at %s (%s)\"\n                    msg = msg % (meth, file)\n                    stacktrace.append(msg)\n            except TypeError:\n                pass\n        if exception_class == ErrorInResponseException:\n            raise exception_class(response, message)\n        elif exception_class == UnexpectedAlertPresentException:\n            alert_text = None\n            if 'data' in value:\n                alert_text = value['data'].get('text')\n            elif 'alert' in value:\n                alert_text = value['alert'].get('text')\n            raise exception_class(message, screen, stacktrace, alert_text)\n>       raise exception_class(message, screen, stacktrace)\nE       selenium.common.exceptions.NoSuchElementException: Message: no such element: Unable to locate element: {\"method\":\"xpath\",\"selector\":\"//nav/div/ul/li[4]/a\"}\nE         (Session info: headless chrome=92.0.4515.131)\n\n/opt/hostedtoolcache/Python/3.9.6/x64/lib/python3.9/site-packages/selenium/webdriver/remote/errorhandler.py:242: NoSuchElementException",
  "flaky" : false,
  "newFailed" : false,
  "beforeStages" : [ ],
  "testStage" : {
    "status" : "broken",
    "statusMessage" : "selenium.common.exceptions.NoSuchElementException: Message: no such element: Unable to locate element: {\"method\":\"xpath\",\"selector\":\"//nav/div/ul/li[4]/a\"}\n  (Session info: headless chrome=92.0.4515.131)",
    "statusTrace" : "def test_login():\n        emil = \"tkata@gmail.com\"\n        password = \"Sunshine2046\"\n    \n        driver.get(\"http://localhost:1667\")\n        time.sleep(2)\n        div = driver.find_element_by_class_name(\"nav-item\")\n        time.sleep(2)\n        navbar_items = div.find_elements_by_xpath(\"//div/nav/div/ul/li/a\")\n    \n        lista = []\n        for i in navbar_items:\n            time.sleep(2)\n            lista.append(i)\n            print(i.text)\n    \n        time.sleep(2)\n    \n        element = driver.find_element_by_xpath(\"//a[@href='#/login']\")\n        print(element.is_enabled())\n        print(element.is_displayed())\n    \n        element.click()\n        time.sleep(5)\n        driver.find_element_by_xpath(\"//fieldset[1]/input\").send_keys(emil)\n        time.sleep(5)\n        driver.find_element_by_xpath(\"//fieldset[2]/input\").send_keys(password)\n        time.sleep(5)\n        driver.find_element_by_xpath(\"//button[@class='btn btn-lg btn-primary pull-xs-right']\").click()\n        time.sleep(10)\n>       driver.find_element_by_xpath(\"//nav/div/ul/li[4]/a\").click()\n\nconduit_tests/login_02_test.py:96: \n_ _ _ _ _ _ _ _ _ _ _ _ _ _ _ _ _ _ _ _ _ _ _ _ _ _ _ _ _ _ _ _ _ _ _ _ _ _ _ _ \n/opt/hostedtoolcache/Python/3.9.6/x64/lib/python3.9/site-packages/selenium/webdriver/remote/webdriver.py:394: in find_element_by_xpath\n    return self.find_element(by=By.XPATH, value=xpath)\n/opt/hostedtoolcache/Python/3.9.6/x64/lib/python3.9/site-packages/selenium/webdriver/remote/webdriver.py:976: in find_element\n    return self.execute(Command.FIND_ELEMENT, {\n/opt/hostedtoolcache/Python/3.9.6/x64/lib/python3.9/site-packages/selenium/webdriver/remote/webdriver.py:321: in execute\n    self.error_handler.check_response(response)\n_ _ _ _ _ _ _ _ _ _ _ _ _ _ _ _ _ _ _ _ _ _ _ _ _ _ _ _ _ _ _ _ _ _ _ _ _ _ _ _ \n\nself = <selenium.webdriver.remote.errorhandler.ErrorHandler object at 0x7fd142874b20>\nresponse = {'status': 404, 'value': '{\"value\":{\"error\":\"no such element\",\"message\":\"no such element: Unable to locate element: {\\...wn>\\\\n#15 0x55da89071e58 \\\\u003Cunknown>\\\\n#16 0x55da8908bdfd \\\\u003Cunknown>\\\\n#17 0x7f72221ba609 start_thread\\\\n\"}}'}\n\n    def check_response(self, response):\n        \"\"\"\n        Checks that a JSON response from the WebDriver does not have an error.\n    \n        :Args:\n         - response - The JSON response from the WebDriver server as a dictionary\n           object.\n    \n        :Raises: If the response contains an error message.\n        \"\"\"\n        status = response.get('status', None)\n        if status is None or status == ErrorCode.SUCCESS:\n            return\n        value = None\n        message = response.get(\"message\", \"\")\n        screen = response.get(\"screen\", \"\")\n        stacktrace = None\n        if isinstance(status, int):\n            value_json = response.get('value', None)\n            if value_json and isinstance(value_json, basestring):\n                import json\n                try:\n                    value = json.loads(value_json)\n                    if len(value.keys()) == 1:\n                        value = value['value']\n                    status = value.get('error', None)\n                    if status is None:\n                        status = value[\"status\"]\n                        message = value[\"value\"]\n                        if not isinstance(message, basestring):\n                            value = message\n                            message = message.get('message')\n                    else:\n                        message = value.get('message', None)\n                except ValueError:\n                    pass\n    \n        exception_class = ErrorInResponseException\n        if status in ErrorCode.NO_SUCH_ELEMENT:\n            exception_class = NoSuchElementException\n        elif status in ErrorCode.NO_SUCH_FRAME:\n            exception_class = NoSuchFrameException\n        elif status in ErrorCode.NO_SUCH_WINDOW:\n            exception_class = NoSuchWindowException\n        elif status in ErrorCode.STALE_ELEMENT_REFERENCE:\n            exception_class = StaleElementReferenceException\n        elif status in ErrorCode.ELEMENT_NOT_VISIBLE:\n            exception_class = ElementNotVisibleException\n        elif status in ErrorCode.INVALID_ELEMENT_STATE:\n            exception_class = InvalidElementStateException\n        elif status in ErrorCode.INVALID_SELECTOR \\\n                or status in ErrorCode.INVALID_XPATH_SELECTOR \\\n                or status in ErrorCode.INVALID_XPATH_SELECTOR_RETURN_TYPER:\n            exception_class = InvalidSelectorException\n        elif status in ErrorCode.ELEMENT_IS_NOT_SELECTABLE:\n            exception_class = ElementNotSelectableException\n        elif status in ErrorCode.ELEMENT_NOT_INTERACTABLE:\n            exception_class = ElementNotInteractableException\n        elif status in ErrorCode.INVALID_COOKIE_DOMAIN:\n            exception_class = InvalidCookieDomainException\n        elif status in ErrorCode.UNABLE_TO_SET_COOKIE:\n            exception_class = UnableToSetCookieException\n        elif status in ErrorCode.TIMEOUT:\n            exception_class = TimeoutException\n        elif status in ErrorCode.SCRIPT_TIMEOUT:\n            exception_class = TimeoutException\n        elif status in ErrorCode.UNKNOWN_ERROR:\n            exception_class = WebDriverException\n        elif status in ErrorCode.UNEXPECTED_ALERT_OPEN:\n            exception_class = UnexpectedAlertPresentException\n        elif status in ErrorCode.NO_ALERT_OPEN:\n            exception_class = NoAlertPresentException\n        elif status in ErrorCode.IME_NOT_AVAILABLE:\n            exception_class = ImeNotAvailableException\n        elif status in ErrorCode.IME_ENGINE_ACTIVATION_FAILED:\n            exception_class = ImeActivationFailedException\n        elif status in ErrorCode.MOVE_TARGET_OUT_OF_BOUNDS:\n            exception_class = MoveTargetOutOfBoundsException\n        elif status in ErrorCode.JAVASCRIPT_ERROR:\n            exception_class = JavascriptException\n        elif status in ErrorCode.SESSION_NOT_CREATED:\n            exception_class = SessionNotCreatedException\n        elif status in ErrorCode.INVALID_ARGUMENT:\n            exception_class = InvalidArgumentException\n        elif status in ErrorCode.NO_SUCH_COOKIE:\n            exception_class = NoSuchCookieException\n        elif status in ErrorCode.UNABLE_TO_CAPTURE_SCREEN:\n            exception_class = ScreenshotException\n        elif status in ErrorCode.ELEMENT_CLICK_INTERCEPTED:\n            exception_class = ElementClickInterceptedException\n        elif status in ErrorCode.INSECURE_CERTIFICATE:\n            exception_class = InsecureCertificateException\n        elif status in ErrorCode.INVALID_COORDINATES:\n            exception_class = InvalidCoordinatesException\n        elif status in ErrorCode.INVALID_SESSION_ID:\n            exception_class = InvalidSessionIdException\n        elif status in ErrorCode.UNKNOWN_METHOD:\n            exception_class = UnknownMethodException\n        else:\n            exception_class = WebDriverException\n        if value == '' or value is None:\n            value = response['value']\n        if isinstance(value, basestring):\n            if exception_class == ErrorInResponseException:\n                raise exception_class(response, value)\n            raise exception_class(value)\n        if message == \"\" and 'message' in value:\n            message = value['message']\n    \n        screen = None\n        if 'screen' in value:\n            screen = value['screen']\n    \n        stacktrace = None\n        if 'stackTrace' in value and value['stackTrace']:\n            stacktrace = []\n            try:\n                for frame in value['stackTrace']:\n                    line = self._value_or_default(frame, 'lineNumber', '')\n                    file = self._value_or_default(frame, 'fileName', '<anonymous>')\n                    if line:\n                        file = \"%s:%s\" % (file, line)\n                    meth = self._value_or_default(frame, 'methodName', '<anonymous>')\n                    if 'className' in frame:\n                        meth = \"%s.%s\" % (frame['className'], meth)\n                    msg = \"    at %s (%s)\"\n                    msg = msg % (meth, file)\n                    stacktrace.append(msg)\n            except TypeError:\n                pass\n        if exception_class == ErrorInResponseException:\n            raise exception_class(response, message)\n        elif exception_class == UnexpectedAlertPresentException:\n            alert_text = None\n            if 'data' in value:\n                alert_text = value['data'].get('text')\n            elif 'alert' in value:\n                alert_text = value['alert'].get('text')\n            raise exception_class(message, screen, stacktrace, alert_text)\n>       raise exception_class(message, screen, stacktrace)\nE       selenium.common.exceptions.NoSuchElementException: Message: no such element: Unable to locate element: {\"method\":\"xpath\",\"selector\":\"//nav/div/ul/li[4]/a\"}\nE         (Session info: headless chrome=92.0.4515.131)\n\n/opt/hostedtoolcache/Python/3.9.6/x64/lib/python3.9/site-packages/selenium/webdriver/remote/errorhandler.py:242: NoSuchElementException",
    "steps" : [ ],
    "attachments" : [ {
      "uid" : "3a5b53fd2fea0927",
      "name" : "stdout",
      "source" : "3a5b53fd2fea0927.txt",
      "type" : "text/plain",
      "size" : 31
    } ],
    "parameters" : [ ],
    "stepsCount" : 0,
    "attachmentsCount" : 1,
    "shouldDisplayMessage" : true,
    "hasContent" : true
  },
  "afterStages" : [ ],
  "labels" : [ {
    "name" : "parentSuite",
    "value" : "conduit_tests"
  }, {
    "name" : "suite",
    "value" : "login_02_test"
  }, {
    "name" : "host",
    "value" : "fv-az36-878"
  }, {
    "name" : "thread",
    "value" : "3882-MainThread"
  }, {
    "name" : "framework",
    "value" : "pytest"
  }, {
    "name" : "language",
    "value" : "cpython3"
  }, {
    "name" : "package",
    "value" : "conduit_tests.login_02_test"
  }, {
    "name" : "resultFormat",
    "value" : "allure2"
  } ],
  "parameters" : [ ],
  "links" : [ ],
  "hidden" : false,
  "retry" : false,
  "extra" : {
    "severity" : "normal",
    "retries" : [ ],
    "categories" : [ {
      "name" : "Test defects",
      "matchedStatuses" : [ ],
      "flaky" : false
    } ],
    "history" : {
      "statistic" : {
        "failed" : 0,
        "broken" : 17,
        "skipped" : 0,
        "passed" : 0,
        "unknown" : 0,
        "total" : 17
      },
      "items" : [ {
        "uid" : "fa04dd01934c0bdd",
        "reportUrl" : "https://ArtuZi2.github.io/conduit/137//#testresult/fa04dd01934c0bdd",
        "status" : "broken",
        "statusDetails" : "selenium.common.exceptions.NoSuchElementException: Message: no such element: Unable to locate element: {\"method\":\"xpath\",\"selector\":\"//nav/div/ul/li[4]/a\"}\n  (Session info: headless chrome=92.0.4515.131)",
        "time" : {
          "start" : 1629058190607,
          "stop" : 1629058228163,
          "duration" : 37556
        }
      }, {
        "uid" : "82cbf868566cce66",
        "reportUrl" : "https://ArtuZi2.github.io/conduit/136//#testresult/82cbf868566cce66",
        "status" : "broken",
        "statusDetails" : "selenium.common.exceptions.NoSuchElementException: Message: no such element: Unable to locate element: {\"method\":\"xpath\",\"selector\":\"//nav/div/ul/li[4]/a\"}\n  (Session info: headless chrome=92.0.4515.131)",
        "time" : {
          "start" : 1629057955246,
          "stop" : 1629057992875,
          "duration" : 37629
        }
      }, {
        "uid" : "aa54646ae7df390b",
        "reportUrl" : "https://ArtuZi2.github.io/conduit/135//#testresult/aa54646ae7df390b",
        "status" : "broken",
        "statusDetails" : "selenium.common.exceptions.NoSuchElementException: Message: no such element: Unable to locate element: {\"method\":\"xpath\",\"selector\":\"//nav/div/ul/li[4]/a\"}\n  (Session info: headless chrome=92.0.4515.131)",
        "time" : {
          "start" : 1629057780567,
          "stop" : 1629057813202,
          "duration" : 32635
        }
      }, {
        "uid" : "5d6127a945056915",
        "reportUrl" : "https://ArtuZi2.github.io/conduit/133//#testresult/5d6127a945056915",
        "status" : "broken",
        "statusDetails" : "selenium.common.exceptions.NoSuchElementException: Message: no such element: Unable to locate element: {\"method\":\"xpath\",\"selector\":\"//nav/div/ul/li[4]/a\"}\n  (Session info: headless chrome=92.0.4515.131)",
        "time" : {
          "start" : 1628856794465,
          "stop" : 1628856827104,
          "duration" : 32639
        }
      }, {
        "uid" : "b663231af4a307c8",
        "reportUrl" : "https://ArtuZi2.github.io/conduit/132//#testresult/b663231af4a307c8",
        "status" : "broken",
        "statusDetails" : "selenium.common.exceptions.NoSuchElementException: Message: no such element: Unable to locate element: {\"method\":\"xpath\",\"selector\":\"//nav/div/ul/li[4]/a\"}\n  (Session info: headless chrome=92.0.4515.131)",
        "time" : {
          "start" : 1628808003366,
          "stop" : 1628808036120,
          "duration" : 32754
        }
      }, {
        "uid" : "4f4721fb68f99fed",
        "reportUrl" : "https://ArtuZi2.github.io/conduit/131//#testresult/4f4721fb68f99fed",
        "status" : "broken",
        "statusDetails" : "selenium.common.exceptions.NoSuchElementException: Message: no such element: Unable to locate element: {\"method\":\"xpath\",\"selector\":\"//nav/div/ul/li[4]/a\"}\n  (Session info: headless chrome=92.0.4515.131)",
        "time" : {
          "start" : 1628807305289,
          "stop" : 1628807337862,
          "duration" : 32573
        }
      }, {
        "uid" : "5802e7cd9be16b39",
        "reportUrl" : "https://ArtuZi2.github.io/conduit/130//#testresult/5802e7cd9be16b39",
        "status" : "broken",
        "statusDetails" : "selenium.common.exceptions.NoSuchElementException: Message: no such element: Unable to locate element: {\"method\":\"xpath\",\"selector\":\"//nav/div/ul/li[4]/a\"}\n  (Session info: headless chrome=92.0.4515.131)",
        "time" : {
          "start" : 1628806257465,
          "stop" : 1628806282097,
          "duration" : 24632
        }
      }, {
        "uid" : "5c0958760e888fa6",
        "reportUrl" : "https://ArtuZi2.github.io/conduit/129//#testresult/5c0958760e888fa6",
        "status" : "broken",
        "statusDetails" : "selenium.common.exceptions.NoSuchElementException: Message: no such element: Unable to locate element: {\"method\":\"xpath\",\"selector\":\"//nav/div/ul/li[4]/a\"}\n  (Session info: headless chrome=92.0.4515.131)",
        "time" : {
          "start" : 1628805458466,
          "stop" : 1628805483066,
          "duration" : 24600
        }
      }, {
        "uid" : "d32e98071242feaf",
        "reportUrl" : "https://ArtuZi2.github.io/conduit/118//#testresult/d32e98071242feaf",
        "status" : "broken",
        "statusDetails" : "selenium.common.exceptions.NoSuchElementException: Message: no such element: Unable to locate element: {\"method\":\"xpath\",\"selector\":\"//nav/div/ul/li[4]/a\"}\n  (Session info: headless chrome=92.0.4515.131)",
        "time" : {
          "start" : 1628770286695,
          "stop" : 1628770311310,
          "duration" : 24615
        }
      }, {
        "uid" : "fa42e5b5d8555085",
        "reportUrl" : "https://ArtuZi2.github.io/conduit/117//#testresult/fa42e5b5d8555085",
        "status" : "broken",
        "statusDetails" : "selenium.common.exceptions.NoSuchElementException: Message: no such element: Unable to locate element: {\"method\":\"xpath\",\"selector\":\"//nav/div/ul/li[4]/a\"}\n  (Session info: headless chrome=92.0.4515.131)",
        "time" : {
          "start" : 1628770178660,
          "stop" : 1628770203285,
          "duration" : 24625
        }
      }, {
        "uid" : "4eab8387ef8f4759",
        "reportUrl" : "https://ArtuZi2.github.io/conduit/115//#testresult/4eab8387ef8f4759",
        "status" : "broken",
        "statusDetails" : "selenium.common.exceptions.NoSuchElementException: Message: no such element: Unable to locate element: {\"method\":\"xpath\",\"selector\":\"//nav/div/ul/li[4]/a\"}\n  (Session info: headless chrome=92.0.4515.131)",
        "time" : {
          "start" : 1628172141835,
          "stop" : 1628172166329,
          "duration" : 24494
        }
      }, {
        "uid" : "2accd62b2f08d000",
        "reportUrl" : "https://ArtuZi2.github.io/conduit/114//#testresult/2accd62b2f08d000",
        "status" : "broken",
        "statusDetails" : "selenium.common.exceptions.NoSuchElementException: Message: no such element: Unable to locate element: {\"method\":\"xpath\",\"selector\":\"//nav/div/ul/li[4]/a\"}\n  (Session info: headless chrome=92.0.4515.131)",
        "time" : {
          "start" : 1628150256547,
          "stop" : 1628150281413,
          "duration" : 24866
        }
      }, {
        "uid" : "56670c9ceb091770",
        "reportUrl" : "https://ArtuZi2.github.io/conduit/113//#testresult/56670c9ceb091770",
        "status" : "broken",
        "statusDetails" : "selenium.common.exceptions.NoSuchElementException: Message: no such element: Unable to locate element: {\"method\":\"xpath\",\"selector\":\"//nav/div/ul/li[4]/a\"}\n  (Session info: headless chrome=92.0.4515.131)",
        "time" : {
          "start" : 1628149802630,
          "stop" : 1628149827285,
          "duration" : 24655
        }
      }, {
        "uid" : "a306a2bf4d419fd",
        "reportUrl" : "https://ArtuZi2.github.io/conduit/112//#testresult/a306a2bf4d419fd",
        "status" : "broken",
        "statusDetails" : "selenium.common.exceptions.NoSuchElementException: Message: no such element: Unable to locate element: {\"method\":\"xpath\",\"selector\":\"//nav/div/ul/li[4]/a\"}\n  (Session info: headless chrome=92.0.4515.131)",
        "time" : {
          "start" : 1628080675985,
          "stop" : 1628080700617,
          "duration" : 24632
        }
      }, {
        "uid" : "d05c5298cf70a21b",
        "reportUrl" : "https://ArtuZi2.github.io/conduit/111//#testresult/d05c5298cf70a21b",
        "status" : "broken",
        "statusDetails" : "selenium.common.exceptions.NoSuchElementException: Message: no such element: Unable to locate element: {\"method\":\"xpath\",\"selector\":\"//nav/div/ul/li[4]/a\"}\n  (Session info: headless chrome=92.0.4515.131)",
        "time" : {
          "start" : 1628079298395,
          "stop" : 1628079323251,
          "duration" : 24856
        }
      }, {
        "uid" : "fcb536166cccfdd2",
        "reportUrl" : "https://ArtuZi2.github.io/conduit/109//#testresult/fcb536166cccfdd2",
        "status" : "broken",
        "statusDetails" : "selenium.common.exceptions.NoSuchElementException: Message: no such element: Unable to locate element: {\"method\":\"xpath\",\"selector\":\"//nav/div/ul/li[4]/a\"}\n  (Session info: headless chrome=92.0.4515.107)",
        "time" : {
          "start" : 1628008378873,
          "stop" : 1628008399560,
          "duration" : 20687
        }
      } ]
    },
    "tags" : [ ]
  },
  "source" : "d15da88ab4ac6135.json",
  "parameterValues" : [ ]
}