{
  "uid" : "2071d696f1158cb1",
  "name" : "test_register",
  "fullName" : "conduit_tests.login_02_test#test_register",
  "historyId" : "04a0652585d1e02d892a1ff702a019d3",
  "time" : {
    "start" : 1628856779501,
    "stop" : 1628856794463,
    "duration" : 14962
  },
  "status" : "passed",
  "flaky" : false,
  "newFailed" : false,
  "beforeStages" : [ ],
  "testStage" : {
    "status" : "passed",
    "steps" : [ ],
    "attachments" : [ {
      "uid" : "69973ccb4f02c008",
      "name" : "stdout",
      "source" : "69973ccb4f02c008.txt",
      "type" : "text/plain",
      "size" : 5
    } ],
    "parameters" : [ ],
    "stepsCount" : 0,
    "attachmentsCount" : 1,
    "shouldDisplayMessage" : false,
    "hasContent" : true
  },
  "afterStages" : [ ],
  "labels" : [ {
    "name" : "parentSuite",
    "value" : "conduit_tests"
  }, {
    "name" : "suite",
    "value" : "login_02_test"
  }, {
    "name" : "host",
    "value" : "fv-az77-942"
  }, {
    "name" : "thread",
    "value" : "3732-MainThread"
  }, {
    "name" : "framework",
    "value" : "pytest"
  }, {
    "name" : "language",
    "value" : "cpython3"
  }, {
    "name" : "package",
    "value" : "conduit_tests.login_02_test"
  }, {
    "name" : "resultFormat",
    "value" : "allure2"
  } ],
  "parameters" : [ ],
  "links" : [ ],
  "hidden" : false,
  "retry" : false,
  "extra" : {
    "severity" : "normal",
    "retries" : [ ],
    "categories" : [ ],
    "history" : {
      "statistic" : {
        "failed" : 0,
        "broken" : 3,
        "skipped" : 0,
        "passed" : 5,
        "unknown" : 0,
        "total" : 8
      },
      "items" : [ {
        "uid" : "734343f58243a995",
        "reportUrl" : "https://ArtuZi2.github.io/conduit/132//#testresult/734343f58243a995",
        "status" : "passed",
        "time" : {
          "start" : 1628807988250,
          "stop" : 1628808003363,
          "duration" : 15113
        }
      }, {
        "uid" : "4a0a6062261272c",
        "reportUrl" : "https://ArtuZi2.github.io/conduit/131//#testresult/4a0a6062261272c",
        "status" : "passed",
        "time" : {
          "start" : 1628807290454,
          "stop" : 1628807305286,
          "duration" : 14832
        }
      }, {
        "uid" : "d30e5e1c8050bc7d",
        "reportUrl" : "https://ArtuZi2.github.io/conduit/130//#testresult/d30e5e1c8050bc7d",
        "status" : "broken",
        "statusDetails" : "selenium.common.exceptions.InvalidSelectorException: Message: invalid selector: Unable to locate an element with the xpath expression //div/div/div/div/form/button] because of the following error:\nSyntaxError: Failed to execute 'evaluate' on 'Document': The string '//div/div/div/div/form/button]' is not a valid XPath expression.\n  (Session info: headless chrome=92.0.4515.131)",
        "time" : {
          "start" : 1628806254719,
          "stop" : 1628806257426,
          "duration" : 2707
        }
      }, {
        "uid" : "3be739ba16775107",
        "reportUrl" : "https://ArtuZi2.github.io/conduit/129//#testresult/3be739ba16775107",
        "status" : "broken",
        "statusDetails" : "selenium.common.exceptions.InvalidSelectorException: Message: invalid selector: Unable to locate an element with the xpath expression //div/div/div/div/form/button] because of the following error:\nSyntaxError: Failed to execute 'evaluate' on 'Document': The string '//div/div/div/div/form/button]' is not a valid XPath expression.\n  (Session info: headless chrome=92.0.4515.131)",
        "time" : {
          "start" : 1628805455720,
          "stop" : 1628805458426,
          "duration" : 2706
        }
      }, {
        "uid" : "5321e1ae746306a3",
        "reportUrl" : "https://ArtuZi2.github.io/conduit/118//#testresult/5321e1ae746306a3",
        "status" : "passed",
        "time" : {
          "start" : 1628770271788,
          "stop" : 1628770286693,
          "duration" : 14905
        }
      }, {
        "uid" : "b7e117bef190b740",
        "reportUrl" : "https://ArtuZi2.github.io/conduit/117//#testresult/b7e117bef190b740",
        "status" : "passed",
        "time" : {
          "start" : 1628770163611,
          "stop" : 1628770178658,
          "duration" : 15047
        }
      }, {
        "uid" : "df59c8df39e35701",
        "reportUrl" : "https://ArtuZi2.github.io/conduit/115//#testresult/df59c8df39e35701",
        "status" : "broken",
        "statusDetails" : "NameError: name 'random' is not defined",
        "time" : {
          "start" : 1628172139362,
          "stop" : 1628172141827,
          "duration" : 2465
        }
      } ]
    },
    "tags" : [ ]
  },
  "source" : "2071d696f1158cb1.json",
  "parameterValues" : [ ]
}