{
  "uid" : "6e9fa48174d3fa16",
  "name" : "test_login",
  "fullName" : "conduit_tests.list_pagin_test#test_login",
  "historyId" : "ea50ed5f05e090f25516e1f42727a91e",
  "time" : {
    "start" : 1627823188844,
    "stop" : 1627823199382,
    "duration" : 10538
  },
  "status" : "broken",
  "statusMessage" : "selenium.common.exceptions.NoSuchElementException: Message: no such element: Unable to locate element: {\"method\":\"xpath\",\"selector\":\"//*[@id='app']/nav/div/ul/li[4]/a\"}\n  (Session info: headless chrome=92.0.4515.107)",
  "statusTrace" : "def test_login():\n        emil = \"tkata@gmail.com\"\n        password = \"Sunshine2046\"\n    \n        driver.get(\"http://localhost:1667\")\n    \n        time.sleep(2)\n    \n        element = driver.find_element_by_xpath(\"//a[@href='#/login']\")\n    \n        element.click()\n        time.sleep(2)\n        driver.find_element_by_xpath(\"//fieldset[1]/input\").send_keys(emil)\n        time.sleep(2)\n        driver.find_element_by_xpath(\"//fieldset[2]/input\").send_keys(password)\n        time.sleep(2)\n        driver.find_element_by_xpath(\"//button[@class='btn btn-lg btn-primary pull-xs-right']\").click()\n        time.sleep(2)\n>       driver.find_element_by_xpath(\"//*[@id='app']/nav/div/ul/li[4]/a\").click()\n\nconduit_tests/list_pagin_test.py:92: \n_ _ _ _ _ _ _ _ _ _ _ _ _ _ _ _ _ _ _ _ _ _ _ _ _ _ _ _ _ _ _ _ _ _ _ _ _ _ _ _ \n/opt/hostedtoolcache/Python/3.9.6/x64/lib/python3.9/site-packages/selenium/webdriver/remote/webdriver.py:394: in find_element_by_xpath\n    return self.find_element(by=By.XPATH, value=xpath)\n/opt/hostedtoolcache/Python/3.9.6/x64/lib/python3.9/site-packages/selenium/webdriver/remote/webdriver.py:976: in find_element\n    return self.execute(Command.FIND_ELEMENT, {\n/opt/hostedtoolcache/Python/3.9.6/x64/lib/python3.9/site-packages/selenium/webdriver/remote/webdriver.py:321: in execute\n    self.error_handler.check_response(response)\n_ _ _ _ _ _ _ _ _ _ _ _ _ _ _ _ _ _ _ _ _ _ _ _ _ _ _ _ _ _ _ _ _ _ _ _ _ _ _ _ \n\nself = <selenium.webdriver.remote.errorhandler.ErrorHandler object at 0x7f6a33db48e0>\nresponse = {'status': 404, 'value': '{\"value\":{\"error\":\"no such element\",\"message\":\"no such element: Unable to locate element: {\\...wn>\\\\n#15 0x564713e81e58 \\\\u003Cunknown>\\\\n#16 0x564713e9bdfd \\\\u003Cunknown>\\\\n#17 0x7fdc81726609 start_thread\\\\n\"}}'}\n\n    def check_response(self, response):\n        \"\"\"\n        Checks that a JSON response from the WebDriver does not have an error.\n    \n        :Args:\n         - response - The JSON response from the WebDriver server as a dictionary\n           object.\n    \n        :Raises: If the response contains an error message.\n        \"\"\"\n        status = response.get('status', None)\n        if status is None or status == ErrorCode.SUCCESS:\n            return\n        value = None\n        message = response.get(\"message\", \"\")\n        screen = response.get(\"screen\", \"\")\n        stacktrace = None\n        if isinstance(status, int):\n            value_json = response.get('value', None)\n            if value_json and isinstance(value_json, basestring):\n                import json\n                try:\n                    value = json.loads(value_json)\n                    if len(value.keys()) == 1:\n                        value = value['value']\n                    status = value.get('error', None)\n                    if status is None:\n                        status = value[\"status\"]\n                        message = value[\"value\"]\n                        if not isinstance(message, basestring):\n                            value = message\n                            message = message.get('message')\n                    else:\n                        message = value.get('message', None)\n                except ValueError:\n                    pass\n    \n        exception_class = ErrorInResponseException\n        if status in ErrorCode.NO_SUCH_ELEMENT:\n            exception_class = NoSuchElementException\n        elif status in ErrorCode.NO_SUCH_FRAME:\n            exception_class = NoSuchFrameException\n        elif status in ErrorCode.NO_SUCH_WINDOW:\n            exception_class = NoSuchWindowException\n        elif status in ErrorCode.STALE_ELEMENT_REFERENCE:\n            exception_class = StaleElementReferenceException\n        elif status in ErrorCode.ELEMENT_NOT_VISIBLE:\n            exception_class = ElementNotVisibleException\n        elif status in ErrorCode.INVALID_ELEMENT_STATE:\n            exception_class = InvalidElementStateException\n        elif status in ErrorCode.INVALID_SELECTOR \\\n                or status in ErrorCode.INVALID_XPATH_SELECTOR \\\n                or status in ErrorCode.INVALID_XPATH_SELECTOR_RETURN_TYPER:\n            exception_class = InvalidSelectorException\n        elif status in ErrorCode.ELEMENT_IS_NOT_SELECTABLE:\n            exception_class = ElementNotSelectableException\n        elif status in ErrorCode.ELEMENT_NOT_INTERACTABLE:\n            exception_class = ElementNotInteractableException\n        elif status in ErrorCode.INVALID_COOKIE_DOMAIN:\n            exception_class = InvalidCookieDomainException\n        elif status in ErrorCode.UNABLE_TO_SET_COOKIE:\n            exception_class = UnableToSetCookieException\n        elif status in ErrorCode.TIMEOUT:\n            exception_class = TimeoutException\n        elif status in ErrorCode.SCRIPT_TIMEOUT:\n            exception_class = TimeoutException\n        elif status in ErrorCode.UNKNOWN_ERROR:\n            exception_class = WebDriverException\n        elif status in ErrorCode.UNEXPECTED_ALERT_OPEN:\n            exception_class = UnexpectedAlertPresentException\n        elif status in ErrorCode.NO_ALERT_OPEN:\n            exception_class = NoAlertPresentException\n        elif status in ErrorCode.IME_NOT_AVAILABLE:\n            exception_class = ImeNotAvailableException\n        elif status in ErrorCode.IME_ENGINE_ACTIVATION_FAILED:\n            exception_class = ImeActivationFailedException\n        elif status in ErrorCode.MOVE_TARGET_OUT_OF_BOUNDS:\n            exception_class = MoveTargetOutOfBoundsException\n        elif status in ErrorCode.JAVASCRIPT_ERROR:\n            exception_class = JavascriptException\n        elif status in ErrorCode.SESSION_NOT_CREATED:\n            exception_class = SessionNotCreatedException\n        elif status in ErrorCode.INVALID_ARGUMENT:\n            exception_class = InvalidArgumentException\n        elif status in ErrorCode.NO_SUCH_COOKIE:\n            exception_class = NoSuchCookieException\n        elif status in ErrorCode.UNABLE_TO_CAPTURE_SCREEN:\n            exception_class = ScreenshotException\n        elif status in ErrorCode.ELEMENT_CLICK_INTERCEPTED:\n            exception_class = ElementClickInterceptedException\n        elif status in ErrorCode.INSECURE_CERTIFICATE:\n            exception_class = InsecureCertificateException\n        elif status in ErrorCode.INVALID_COORDINATES:\n            exception_class = InvalidCoordinatesException\n        elif status in ErrorCode.INVALID_SESSION_ID:\n            exception_class = InvalidSessionIdException\n        elif status in ErrorCode.UNKNOWN_METHOD:\n            exception_class = UnknownMethodException\n        else:\n            exception_class = WebDriverException\n        if value == '' or value is None:\n            value = response['value']\n        if isinstance(value, basestring):\n            if exception_class == ErrorInResponseException:\n                raise exception_class(response, value)\n            raise exception_class(value)\n        if message == \"\" and 'message' in value:\n            message = value['message']\n    \n        screen = None\n        if 'screen' in value:\n            screen = value['screen']\n    \n        stacktrace = None\n        if 'stackTrace' in value and value['stackTrace']:\n            stacktrace = []\n            try:\n                for frame in value['stackTrace']:\n                    line = self._value_or_default(frame, 'lineNumber', '')\n                    file = self._value_or_default(frame, 'fileName', '<anonymous>')\n                    if line:\n                        file = \"%s:%s\" % (file, line)\n                    meth = self._value_or_default(frame, 'methodName', '<anonymous>')\n                    if 'className' in frame:\n                        meth = \"%s.%s\" % (frame['className'], meth)\n                    msg = \"    at %s (%s)\"\n                    msg = msg % (meth, file)\n                    stacktrace.append(msg)\n            except TypeError:\n                pass\n        if exception_class == ErrorInResponseException:\n            raise exception_class(response, message)\n        elif exception_class == UnexpectedAlertPresentException:\n            alert_text = None\n            if 'data' in value:\n                alert_text = value['data'].get('text')\n            elif 'alert' in value:\n                alert_text = value['alert'].get('text')\n            raise exception_class(message, screen, stacktrace, alert_text)\n>       raise exception_class(message, screen, stacktrace)\nE       selenium.common.exceptions.NoSuchElementException: Message: no such element: Unable to locate element: {\"method\":\"xpath\",\"selector\":\"//*[@id='app']/nav/div/ul/li[4]/a\"}\nE         (Session info: headless chrome=92.0.4515.107)\n\n/opt/hostedtoolcache/Python/3.9.6/x64/lib/python3.9/site-packages/selenium/webdriver/remote/errorhandler.py:242: NoSuchElementException",
  "flaky" : false,
  "newFailed" : false,
  "beforeStages" : [ ],
  "afterStages" : [ ],
  "labels" : [ {
    "name" : "parentSuite",
    "value" : "conduit_tests"
  }, {
    "name" : "suite",
    "value" : "list_pagin_test"
  }, {
    "name" : "host",
    "value" : "fv-az33-739"
  }, {
    "name" : "thread",
    "value" : "3670-MainThread"
  }, {
    "name" : "framework",
    "value" : "pytest"
  }, {
    "name" : "language",
    "value" : "cpython3"
  }, {
    "name" : "package",
    "value" : "conduit_tests.list_pagin_test"
  }, {
    "name" : "resultFormat",
    "value" : "allure2"
  } ],
  "parameters" : [ ],
  "links" : [ ],
  "hidden" : false,
  "retry" : false,
  "extra" : {
    "severity" : "normal",
    "retries" : [ ],
    "categories" : [ {
      "name" : "Test defects",
      "matchedStatuses" : [ ],
      "flaky" : false
    } ],
    "history" : {
      "statistic" : {
        "failed" : 0,
        "broken" : 8,
        "skipped" : 0,
        "passed" : 0,
        "unknown" : 0,
        "total" : 8
      },
      "items" : [ {
        "uid" : "3735fb6765039671",
        "reportUrl" : "https://ArtuZi2.github.io/conduit/76//#testresult/3735fb6765039671",
        "status" : "broken",
        "statusDetails" : "selenium.common.exceptions.NoSuchElementException: Message: no such element: Unable to locate element: {\"method\":\"xpath\",\"selector\":\"//*[@id='app']/nav/div/ul/li[4]/a\"}\n  (Session info: headless chrome=92.0.4515.107)",
        "time" : {
          "start" : 1627823114111,
          "stop" : 1627823124538,
          "duration" : 10427
        }
      }, {
        "uid" : "9b65cd5dad4d8b5a",
        "reportUrl" : "https://ArtuZi2.github.io/conduit/75//#testresult/9b65cd5dad4d8b5a",
        "status" : "broken",
        "statusDetails" : "selenium.common.exceptions.NoSuchElementException: Message: no such element: Unable to locate element: {\"method\":\"xpath\",\"selector\":\"//*[@id='app']/nav/div/ul/li[4]/a\"}\n  (Session info: headless chrome=92.0.4515.107)",
        "time" : {
          "start" : 1627819847521,
          "stop" : 1627819858038,
          "duration" : 10517
        }
      }, {
        "uid" : "cc30cd24c27b1fae",
        "reportUrl" : "https://ArtuZi2.github.io/conduit/70//#testresult/cc30cd24c27b1fae",
        "status" : "broken",
        "statusDetails" : "selenium.common.exceptions.NoSuchElementException: Message: no such element: Unable to locate element: {\"method\":\"xpath\",\"selector\":\"//*[@id='app']/nav/div/ul/li[4]/a\"}\n  (Session info: headless chrome=92.0.4515.107)",
        "time" : {
          "start" : 1627582087720,
          "stop" : 1627582098221,
          "duration" : 10501
        }
      }, {
        "uid" : "edeb659f70cbf98c",
        "reportUrl" : "https://ArtuZi2.github.io/conduit/68//#testresult/edeb659f70cbf98c",
        "status" : "broken",
        "statusDetails" : "selenium.common.exceptions.NoSuchElementException: Message: no such element: Unable to locate element: {\"method\":\"xpath\",\"selector\":\"//*[@id='app']/nav/div/ul/li[4]/a\"}\n  (Session info: headless chrome=92.0.4515.107)",
        "time" : {
          "start" : 1627580949751,
          "stop" : 1627580960228,
          "duration" : 10477
        }
      }, {
        "uid" : "d1b7433948808765",
        "reportUrl" : "https://ArtuZi2.github.io/conduit/67//#testresult/d1b7433948808765",
        "status" : "broken",
        "statusDetails" : "selenium.common.exceptions.NoSuchElementException: Message: no such element: Unable to locate element: {\"method\":\"xpath\",\"selector\":\"//*[@id='app']/nav/div/ul/li[4]/a\"}\n  (Session info: headless chrome=92.0.4515.107)",
        "time" : {
          "start" : 1627580825122,
          "stop" : 1627580835546,
          "duration" : 10424
        }
      }, {
        "uid" : "91d10b25b187477c",
        "reportUrl" : "https://ArtuZi2.github.io/conduit/66//#testresult/91d10b25b187477c",
        "status" : "broken",
        "statusDetails" : "selenium.common.exceptions.NoSuchElementException: Message: no such element: Unable to locate element: {\"method\":\"xpath\",\"selector\":\"//*[@id='app']/nav/div/ul/li[4]/a\"}\n  (Session info: headless chrome=92.0.4515.107)",
        "time" : {
          "start" : 1627580222425,
          "stop" : 1627580232864,
          "duration" : 10439
        }
      }, {
        "uid" : "2aff59f39182799c",
        "reportUrl" : "https://ArtuZi2.github.io/conduit/65//#testresult/2aff59f39182799c",
        "status" : "broken",
        "statusDetails" : "selenium.common.exceptions.NoSuchElementException: Message: no such element: Unable to locate element: {\"method\":\"xpath\",\"selector\":\"//*[@id='app']/nav/div/ul/li[4]/a\"}\n  (Session info: headless chrome=92.0.4515.107)",
        "time" : {
          "start" : 1627580078029,
          "stop" : 1627580088443,
          "duration" : 10414
        }
      } ]
    },
    "tags" : [ ]
  },
  "source" : "6e9fa48174d3fa16.json",
  "parameterValues" : [ ]
}