{
  "uid" : "4b4757e66a1912dae1a509f688f20b0f",
  "children" : [ {
    "name" : "Test defects",
    "children" : [ {
      "name" : "NameError: name 'random' is not defined",
      "children" : [ {
        "name" : "test_register",
        "uid" : "a57d62b12dc4146c",
        "parentUid" : "8d8ab16a25bf46f969e4003fb4047ff1",
        "status" : "broken",
        "time" : {
          "start" : 1627580075364,
          "stop" : 1627580077952,
          "duration" : 2588
        },
        "flaky" : false,
        "newFailed" : false,
        "parameters" : [ ]
      } ],
      "uid" : "8d8ab16a25bf46f969e4003fb4047ff1"
    }, {
      "name" : "selenium.common.exceptions.NoSuchElementException: Message: no such element: Unable to locate element: {\"method\":\"xpath\",\"selector\":\"//*[@id='app']/nav/div/ul/li[4]/a\"}\n  (Session info: headless chrome=92.0.4515.107)",
      "children" : [ {
        "name" : "test_login",
        "uid" : "2aff59f39182799c",
        "parentUid" : "99950c156ea54f3e070ea9dd48d7098f",
        "status" : "broken",
        "time" : {
          "start" : 1627580078029,
          "stop" : 1627580088443,
          "duration" : 10414
        },
        "flaky" : false,
        "newFailed" : false,
        "parameters" : [ ]
      } ],
      "uid" : "99950c156ea54f3e070ea9dd48d7098f"
    }, {
      "name" : "selenium.common.exceptions.NoSuchElementException: Message: no such element: Unable to locate element: {\"method\":\"xpath\",\"selector\":\"//nav/div/ul/li[4]/a\"}\n  (Session info: headless chrome=92.0.4515.107)",
      "children" : [ {
        "name" : "test_login",
        "uid" : "6193b059a4424e82",
        "parentUid" : "9c1b045ddb5dfde1fbea6b72746123cb",
        "status" : "broken",
        "time" : {
          "start" : 1627580111736,
          "stop" : 1627580132380,
          "duration" : 20644
        },
        "flaky" : false,
        "newFailed" : false,
        "parameters" : [ ]
      } ],
      "uid" : "9c1b045ddb5dfde1fbea6b72746123cb"
    }, {
      "name" : "selenium.common.exceptions.NoSuchElementException: Message: no such element: Unable to locate element: {\"method\":\"xpath\",\"selector\":\"//div/ul/li[5]/a\"}\n  (Session info: headless chrome=92.0.4515.107)",
      "children" : [ {
        "name" : "test_logout",
        "uid" : "23689e5416054e15",
        "parentUid" : "c3979bda5b3c419227fd01b6a47e2c95",
        "status" : "broken",
        "time" : {
          "start" : 1627580175634,
          "stop" : 1627580177651,
          "duration" : 2017
        },
        "flaky" : false,
        "newFailed" : false,
        "parameters" : [ ]
      } ],
      "uid" : "c3979bda5b3c419227fd01b6a47e2c95"
    } ],
    "uid" : "bdbf199525818fae7a8651db9eafe741"
  } ],
  "name" : "categories"
}